This file contains any messages produced by compilers while
running configure, to aid debugging if configure makes a mistake.

It was created by libibverbs configure 1.2.1, which was
generated by GNU Autoconf 2.69.  Invocation command line was

  $ ./configure 

## --------- ##
## Platform. ##
## --------- ##

hostname = msrbd22
uname -m = x86_64
uname -r = 4.4.0-31-generic
uname -s = Linux
uname -v = #50-Ubuntu SMP Wed Jul 13 00:07:12 UTC 2016

/usr/bin/uname -p = x86_64
/bin/uname -X     = unknown

/bin/arch              = x86_64
/usr/bin/arch -k       = unknown
/usr/convex/getsysinfo = unknown
/usr/bin/hostinfo      = unknown
/bin/machine           = unknown
/usr/bin/oslevel       = unknown
/bin/universe          = unknown

PATH: /usr/local/sbin
PATH: /usr/local/bin
PATH: /usr/sbin
PATH: /usr/bin
PATH: /sbin
PATH: /bin


## ----------- ##
## Core tests. ##
## ----------- ##

configure:2337: checking for a BSD-compatible install
configure:2405: result: /usr/bin/install -c
configure:2416: checking whether build environment is sane
configure:2471: result: yes
configure:2622: checking for a thread-safe mkdir -p
configure:2661: result: /usr/bin/mkdir -p
configure:2668: checking for gawk
configure:2684: found /usr/bin/gawk
configure:2695: result: gawk
configure:2706: checking whether make sets $(MAKE)
configure:2728: result: yes
configure:2757: checking whether make supports nested variables
configure:2774: result: yes
configure:2869: checking whether make supports nested variables
configure:2886: result: yes
configure:2946: checking for gcc
configure:2962: found /usr/bin/gcc
configure:2973: result: gcc
configure:3202: checking for C compiler version
configure:3211: gcc --version >&5
gcc (GCC) 4.8.5 20150623 (Red Hat 4.8.5-4)
Copyright (C) 2015 Free Software Foundation, Inc.
This is free software; see the source for copying conditions.  There is NO
warranty; not even for MERCHANTABILITY or FITNESS FOR A PARTICULAR PURPOSE.

configure:3222: $? = 0
configure:3211: gcc -v >&5
Using built-in specs.
COLLECT_GCC=gcc
COLLECT_LTO_WRAPPER=/usr/libexec/gcc/x86_64-redhat-linux/4.8.5/lto-wrapper
Target: x86_64-redhat-linux
Configured with: ../configure --prefix=/usr --mandir=/usr/share/man --infodir=/usr/share/info --with-bugurl=http://bugzilla.redhat.com/bugzilla --enable-bootstrap --enable-shared --enable-threads=posix --enable-checking=release --with-system-zlib --enable-__cxa_atexit --disable-libunwind-exceptions --enable-gnu-unique-object --enable-linker-build-id --with-linker-hash-style=gnu --enable-languages=c,c++,objc,obj-c++,java,fortran,ada,go,lto --enable-plugin --enable-initfini-array --disable-libgcj --with-isl=/builddir/build/BUILD/gcc-4.8.5-20150702/obj-x86_64-redhat-linux/isl-install --with-cloog=/builddir/build/BUILD/gcc-4.8.5-20150702/obj-x86_64-redhat-linux/cloog-install --enable-gnu-indirect-function --with-tune=generic --with-arch_32=x86-64 --build=x86_64-redhat-linux
Thread model: posix
gcc version 4.8.5 20150623 (Red Hat 4.8.5-4) (GCC) 
configure:3222: $? = 0
configure:3211: gcc -V >&5
gcc: error: unrecognized command line option '-V'
gcc: fatal error: no input files
compilation terminated.
configure:3222: $? = 4
configure:3211: gcc -qversion >&5
gcc: error: unrecognized command line option '-qversion'
gcc: fatal error: no input files
compilation terminated.
configure:3222: $? = 4
configure:3242: checking whether the C compiler works
configure:3264: gcc    conftest.c  >&5
configure:3268: $? = 0
configure:3316: result: yes
configure:3319: checking for C compiler default output file name
configure:3321: result: a.out
configure:3327: checking for suffix of executables
configure:3334: gcc -o conftest    conftest.c  >&5
configure:3338: $? = 0
configure:3360: result: 
configure:3382: checking whether we are cross compiling
configure:3390: gcc -o conftest    conftest.c  >&5
configure:3394: $? = 0
configure:3401: ./conftest
configure:3405: $? = 0
configure:3420: result: no
configure:3425: checking for suffix of object files
configure:3447: gcc -c   conftest.c >&5
configure:3451: $? = 0
configure:3472: result: o
configure:3476: checking whether we are using the GNU C compiler
configure:3495: gcc -c   conftest.c >&5
configure:3495: $? = 0
configure:3504: result: yes
configure:3513: checking whether gcc accepts -g
configure:3533: gcc -c -g  conftest.c >&5
configure:3533: $? = 0
configure:3574: result: yes
configure:3591: checking for gcc option to accept ISO C89
configure:3654: gcc  -c -g -O2  conftest.c >&5
configure:3654: $? = 0
configure:3667: result: none needed
configure:3698: checking for style of include used by make
configure:3726: result: GNU
configure:3752: checking dependency style of gcc
configure:3863: result: gcc3
configure:3884: checking how to run the C preprocessor
configure:3915: gcc -E  conftest.c
configure:3915: $? = 0
configure:3929: gcc -E  conftest.c
conftest.c:11:28: fatal error: ac_nonexistent.h: No such file or directory
 #include <ac_nonexistent.h>
                            ^
compilation terminated.
configure:3929: $? = 1
configure: failed program was:
| /* confdefs.h */
| #define PACKAGE_NAME "libibverbs"
| #define PACKAGE_TARNAME "libibverbs"
| #define PACKAGE_VERSION "1.2.1"
| #define PACKAGE_STRING "libibverbs 1.2.1"
| #define PACKAGE_BUGREPORT "linux-rdma@vger.kernel.org"
| #define PACKAGE_URL ""
| #define PACKAGE "libibverbs"
| #define VERSION "1.2.1"
| /* end confdefs.h.  */
| #include <ac_nonexistent.h>
configure:3954: result: gcc -E
configure:3974: gcc -E  conftest.c
configure:3974: $? = 0
configure:3988: gcc -E  conftest.c
conftest.c:11:28: fatal error: ac_nonexistent.h: No such file or directory
 #include <ac_nonexistent.h>
                            ^
compilation terminated.
configure:3988: $? = 1
configure: failed program was:
| /* confdefs.h */
| #define PACKAGE_NAME "libibverbs"
| #define PACKAGE_TARNAME "libibverbs"
| #define PACKAGE_VERSION "1.2.1"
| #define PACKAGE_STRING "libibverbs 1.2.1"
| #define PACKAGE_BUGREPORT "linux-rdma@vger.kernel.org"
| #define PACKAGE_URL ""
| #define PACKAGE "libibverbs"
| #define VERSION "1.2.1"
| /* end confdefs.h.  */
| #include <ac_nonexistent.h>
configure:4017: checking for grep that handles long lines and -e
configure:4075: result: /usr/bin/grep
configure:4080: checking for egrep
configure:4142: result: /usr/bin/grep -E
configure:4147: checking for ANSI C header files
configure:4167: gcc -c -g -O2  conftest.c >&5
configure:4167: $? = 0
configure:4240: gcc -o conftest -g -O2   conftest.c  >&5
configure:4240: $? = 0
configure:4240: ./conftest
configure:4240: $? = 0
configure:4251: result: yes
configure:4264: checking for sys/types.h
configure:4264: gcc -c -g -O2  conftest.c >&5
configure:4264: $? = 0
configure:4264: result: yes
configure:4264: checking for sys/stat.h
configure:4264: gcc -c -g -O2  conftest.c >&5
configure:4264: $? = 0
configure:4264: result: yes
configure:4264: checking for stdlib.h
configure:4264: gcc -c -g -O2  conftest.c >&5
configure:4264: $? = 0
configure:4264: result: yes
configure:4264: checking for string.h
configure:4264: gcc -c -g -O2  conftest.c >&5
configure:4264: $? = 0
configure:4264: result: yes
configure:4264: checking for memory.h
configure:4264: gcc -c -g -O2  conftest.c >&5
configure:4264: $? = 0
configure:4264: result: yes
configure:4264: checking for strings.h
configure:4264: gcc -c -g -O2  conftest.c >&5
configure:4264: $? = 0
configure:4264: result: yes
configure:4264: checking for inttypes.h
configure:4264: gcc -c -g -O2  conftest.c >&5
configure:4264: $? = 0
configure:4264: result: yes
configure:4264: checking for stdint.h
configure:4264: gcc -c -g -O2  conftest.c >&5
configure:4264: $? = 0
configure:4264: result: yes
configure:4264: checking for unistd.h
configure:4264: gcc -c -g -O2  conftest.c >&5
configure:4264: $? = 0
configure:4264: result: yes
configure:4277: checking minix/config.h usability
configure:4277: gcc -c -g -O2  conftest.c >&5
conftest.c:54:26: fatal error: minix/config.h: No such file or directory
 #include <minix/config.h>
                          ^
compilation terminated.
configure:4277: $? = 1
configure: failed program was:
| /* confdefs.h */
| #define PACKAGE_NAME "libibverbs"
| #define PACKAGE_TARNAME "libibverbs"
| #define PACKAGE_VERSION "1.2.1"
| #define PACKAGE_STRING "libibverbs 1.2.1"
| #define PACKAGE_BUGREPORT "linux-rdma@vger.kernel.org"
| #define PACKAGE_URL ""
| #define PACKAGE "libibverbs"
| #define VERSION "1.2.1"
| #define STDC_HEADERS 1
| #define HAVE_SYS_TYPES_H 1
| #define HAVE_SYS_STAT_H 1
| #define HAVE_STDLIB_H 1
| #define HAVE_STRING_H 1
| #define HAVE_MEMORY_H 1
| #define HAVE_STRINGS_H 1
| #define HAVE_INTTYPES_H 1
| #define HAVE_STDINT_H 1
| #define HAVE_UNISTD_H 1
| /* end confdefs.h.  */
| #include <stdio.h>
| #ifdef HAVE_SYS_TYPES_H
| # include <sys/types.h>
| #endif
| #ifdef HAVE_SYS_STAT_H
| # include <sys/stat.h>
| #endif
| #ifdef STDC_HEADERS
| # include <stdlib.h>
| # include <stddef.h>
| #else
| # ifdef HAVE_STDLIB_H
| #  include <stdlib.h>
| # endif
| #endif
| #ifdef HAVE_STRING_H
| # if !defined STDC_HEADERS && defined HAVE_MEMORY_H
| #  include <memory.h>
| # endif
| # include <string.h>
| #endif
| #ifdef HAVE_STRINGS_H
| # include <strings.h>
| #endif
| #ifdef HAVE_INTTYPES_H
| # include <inttypes.h>
| #endif
| #ifdef HAVE_STDINT_H
| # include <stdint.h>
| #endif
| #ifdef HAVE_UNISTD_H
| # include <unistd.h>
| #endif
| #include <minix/config.h>
configure:4277: result: no
configure:4277: checking minix/config.h presence
configure:4277: gcc -E  conftest.c
conftest.c:21:26: fatal error: minix/config.h: No such file or directory
 #include <minix/config.h>
                          ^
compilation terminated.
configure:4277: $? = 1
configure: failed program was:
| /* confdefs.h */
| #define PACKAGE_NAME "libibverbs"
| #define PACKAGE_TARNAME "libibverbs"
| #define PACKAGE_VERSION "1.2.1"
| #define PACKAGE_STRING "libibverbs 1.2.1"
| #define PACKAGE_BUGREPORT "linux-rdma@vger.kernel.org"
| #define PACKAGE_URL ""
| #define PACKAGE "libibverbs"
| #define VERSION "1.2.1"
| #define STDC_HEADERS 1
| #define HAVE_SYS_TYPES_H 1
| #define HAVE_SYS_STAT_H 1
| #define HAVE_STDLIB_H 1
| #define HAVE_STRING_H 1
| #define HAVE_MEMORY_H 1
| #define HAVE_STRINGS_H 1
| #define HAVE_INTTYPES_H 1
| #define HAVE_STDINT_H 1
| #define HAVE_UNISTD_H 1
| /* end confdefs.h.  */
| #include <minix/config.h>
configure:4277: result: no
configure:4277: checking for minix/config.h
configure:4277: result: no
configure:4298: checking whether it is safe to define __EXTENSIONS__
configure:4316: gcc -c -g -O2  conftest.c >&5
configure:4316: $? = 0
configure:4323: result: yes
configure:4337: checking whether ln -s works
configure:4341: result: yes
configure:4377: checking build system type
configure:4391: result: x86_64-unknown-linux-gnu
configure:4411: checking host system type
configure:4424: result: x86_64-unknown-linux-gnu
configure:4465: checking how to print strings
configure:4492: result: printf
configure:4513: checking for a sed that does not truncate output
configure:4577: result: /usr/bin/sed
configure:4595: checking for fgrep
configure:4657: result: /usr/bin/grep -F
configure:4692: checking for ld used by gcc
configure:4759: result: /usr/bin/ld
configure:4766: checking if the linker (/usr/bin/ld) is GNU ld
configure:4781: result: yes
configure:4793: checking for BSD- or MS-compatible name lister (nm)
configure:4842: result: /usr/bin/nm -B
configure:4972: checking the name lister (/usr/bin/nm -B) interface
configure:4979: gcc -c -g -O2  conftest.c >&5
configure:4982: /usr/bin/nm -B "conftest.o"
configure:4985: output
0000000000000000 B some_variable
configure:4992: result: BSD nm
configure:4996: checking the maximum length of command line arguments
configure:5126: result: 1572864
configure:5143: checking whether the shell understands some XSI constructs
configure:5153: result: yes
configure:5157: checking whether the shell understands "+="
configure:5163: result: yes
configure:5198: checking how to convert x86_64-unknown-linux-gnu file names to x86_64-unknown-linux-gnu format
configure:5238: result: func_convert_file_noop
configure:5245: checking how to convert x86_64-unknown-linux-gnu file names to toolchain format
configure:5265: result: func_convert_file_noop
configure:5272: checking for /usr/bin/ld option to reload object files
configure:5279: result: -r
configure:5353: checking for objdump
configure:5369: found /usr/bin/objdump
configure:5380: result: objdump
configure:5412: checking how to recognize dependent libraries
configure:5614: result: pass_all
configure:5699: checking for dlltool
configure:5729: result: no
configure:5759: checking how to associate runtime and link libraries
configure:5786: result: printf %s\n
configure:5846: checking for ar
configure:5862: found /usr/bin/ar
configure:5873: result: ar
configure:5910: checking for archiver @FILE support
configure:5927: gcc -c -g -O2  conftest.c >&5
configure:5927: $? = 0
configure:5930: ar cru libconftest.a @conftest.lst >&5
configure:5933: $? = 0
configure:5938: ar cru libconftest.a @conftest.lst >&5
ar: conftest.o: No such file or directory
configure:5941: $? = 1
configure:5953: result: @
configure:6011: checking for strip
configure:6027: found /usr/bin/strip
configure:6038: result: strip
configure:6110: checking for ranlib
configure:6126: found /usr/bin/ranlib
configure:6137: result: ranlib
configure:6239: checking command to parse /usr/bin/nm -B output from gcc object
configure:6359: gcc -c -g -O2  conftest.c >&5
configure:6362: $? = 0
configure:6366: /usr/bin/nm -B conftest.o \| sed -n -e 's/^.*[ ]\([ABCDGIRSTW][ABCDGIRSTW]*\)[ ][ ]*\([_A-Za-z][_A-Za-z0-9]*\)$/\1 \2 \2/p' | sed '/ __gnu_lto/d' \> conftest.nm
configure:6369: $? = 0
configure:6435: gcc -o conftest -g -O2   conftest.c conftstm.o >&5
configure:6438: $? = 0
configure:6476: result: ok
configure:6513: checking for sysroot
configure:6543: result: no
configure:6620: gcc -c -g -O2  conftest.c >&5
configure:6623: $? = 0
configure:6799: checking for mt
configure:6829: result: no
configure:6849: checking if : is a manifest tool
configure:6855: : '-?'
configure:6863: result: no
configure:7502: checking for dlfcn.h
configure:7502: gcc -c -g -O2  conftest.c >&5
configure:7502: $? = 0
configure:7502: result: yes
configure:7708: checking for objdir
configure:7723: result: .libs
configure:7994: checking if gcc supports -fno-rtti -fno-exceptions
configure:8012: gcc -c -g -O2  -fno-rtti -fno-exceptions conftest.c >&5
cc1: warning: command line option '-fno-rtti' is valid for C++/ObjC++ but not for C [enabled by default]
configure:8016: $? = 0
configure:8029: result: no
configure:8356: checking for gcc option to produce PIC
configure:8363: result: -fPIC -DPIC
configure:8371: checking if gcc PIC flag -fPIC -DPIC works
configure:8389: gcc -c -g -O2  -fPIC -DPIC -DPIC conftest.c >&5
configure:8393: $? = 0
configure:8406: result: yes
configure:8435: checking if gcc static flag -static works
configure:8463: result: no
configure:8478: checking if gcc supports -c -o file.o
configure:8499: gcc -c -g -O2  -o out/conftest2.o conftest.c >&5
configure:8503: $? = 0
configure:8525: result: yes
configure:8533: checking if gcc supports -c -o file.o
configure:8580: result: yes
configure:8613: checking whether the gcc linker (/usr/bin/ld -m elf_x86_64) supports shared libraries
configure:9766: result: yes
configure:9803: checking whether -lc should be explicitly linked in
configure:9811: gcc -c -g -O2  conftest.c >&5
configure:9814: $? = 0
configure:9829: gcc -shared  -fPIC -DPIC conftest.o  -v -Wl,-soname -Wl,conftest -o conftest 2\>\&1 \| /usr/bin/grep  -lc  \>/dev/null 2\>\&1
configure:9832: $? = 0
configure:9846: result: no
configure:10006: checking dynamic linker characteristics
configure:10517: gcc -o conftest -g -O2   -Wl,-rpath -Wl,/foo conftest.c  >&5
configure:10517: $? = 0
configure:10743: result: GNU/Linux ld.so
configure:10850: checking how to hardcode library paths into programs
configure:10875: result: immediate
configure:11415: checking whether stripping libraries is possible
configure:11420: result: yes
configure:11455: checking if libtool supports shared libraries
configure:11457: result: yes
configure:11460: checking whether to build shared libraries
configure:11481: result: yes
configure:11484: checking whether to build static libraries
configure:11488: result: yes
configure:11606: checking for pkg-config
configure:11624: found /usr/bin/pkg-config
configure:11636: result: /usr/bin/pkg-config
configure:11661: checking pkg-config is at least version 0.9.0
configure:11664: result: yes
configure:11674: checking for LIBNL
configure:11681: $PKG_CONFIG --exists --print-errors "libnl-3.0"
Package libnl-3.0 was not found in the pkg-config search path.
Perhaps you should add the directory containing `libnl-3.0.pc'
to the PKG_CONFIG_PATH environment variable
No package 'libnl-3.0' found
configure:11684: $? = 1
configure:11698: $PKG_CONFIG --exists --print-errors "libnl-3.0"
Package libnl-3.0 was not found in the pkg-config search path.
Perhaps you should add the directory containing `libnl-3.0.pc'
to the PKG_CONFIG_PATH environment variable
No package 'libnl-3.0' found
configure:11701: $? = 1
configure:11715: result: no
No package 'libnl-3.0' found
configure:11848: checking for LIBNL
configure:11855: $PKG_CONFIG --exists --print-errors "libnl-1"
configure:11858: $? = 0
configure:11872: $PKG_CONFIG --exists --print-errors "libnl-1"
configure:11875: $? = 0
configure:11917: result: yes
configure:11926: checking for rtnl_link_vlan_get_id in -lnl
configure:11951: gcc -o conftest -g -O2   conftest.c -lnl   >&5
configure:11951: $? = 0
configure:11960: result: yes
configure:12000: checking for dlsym in -ldl
configure:12025: gcc -o conftest -g -O2   conftest.c -ldl  -lnl  >&5
configure:12025: $? = 0
configure:12034: result: yes
configure:12047: checking for pthread_mutex_init in -lpthread
configure:12072: gcc -o conftest -g -O2   conftest.c -lpthread  -ldl -lnl  >&5
configure:12072: $? = 0
configure:12081: result: yes
configure:12095: checking for ANSI C header files
configure:12199: result: yes
configure:12207: checking valgrind/memcheck.h usability
configure:12207: gcc -c -g -O2  conftest.c >&5
conftest.c:68:31: fatal error: valgrind/memcheck.h: No such file or directory
 #include <valgrind/memcheck.h>
                               ^
compilation terminated.
configure:12207: $? = 1
configure: failed program was:
| /* confdefs.h */
| #define PACKAGE_NAME "libibverbs"
| #define PACKAGE_TARNAME "libibverbs"
| #define PACKAGE_VERSION "1.2.1"
| #define PACKAGE_STRING "libibverbs 1.2.1"
| #define PACKAGE_BUGREPORT "linux-rdma@vger.kernel.org"
| #define PACKAGE_URL ""
| #define PACKAGE "libibverbs"
| #define VERSION "1.2.1"
| #define STDC_HEADERS 1
| #define HAVE_SYS_TYPES_H 1
| #define HAVE_SYS_STAT_H 1
| #define HAVE_STDLIB_H 1
| #define HAVE_STRING_H 1
| #define HAVE_MEMORY_H 1
| #define HAVE_STRINGS_H 1
| #define HAVE_INTTYPES_H 1
| #define HAVE_STDINT_H 1
| #define HAVE_UNISTD_H 1
| #define __EXTENSIONS__ 1
| #define _ALL_SOURCE 1
| #define _GNU_SOURCE 1
| #define _POSIX_PTHREAD_SEMANTICS 1
| #define _TANDEM_SOURCE 1
| #define HAVE_DLFCN_H 1
| #define LT_OBJDIR ".libs/"
| #define NVALGRIND 1
| #define HAVE_LIBNL1 1
| #define HAVE_LIBNL 1
| #define HAVE_LIBNL 1
| #define HAVE_LIBDL 1
| #define HAVE_LIBPTHREAD 1
| #define STDC_HEADERS 1
| /* end confdefs.h.  */
| #include <stdio.h>
| #ifdef HAVE_SYS_TYPES_H
| # include <sys/types.h>
| #endif
| #ifdef HAVE_SYS_STAT_H
| # include <sys/stat.h>
| #endif
| #ifdef STDC_HEADERS
| # include <stdlib.h>
| # include <stddef.h>
| #else
| # ifdef HAVE_STDLIB_H
| #  include <stdlib.h>
| # endif
| #endif
| #ifdef HAVE_STRING_H
| # if !defined STDC_HEADERS && defined HAVE_MEMORY_H
| #  include <memory.h>
| # endif
| # include <string.h>
| #endif
| #ifdef HAVE_STRINGS_H
| # include <strings.h>
| #endif
| #ifdef HAVE_INTTYPES_H
| # include <inttypes.h>
| #endif
| #ifdef HAVE_STDINT_H
| # include <stdint.h>
| #endif
| #ifdef HAVE_UNISTD_H
| # include <unistd.h>
| #endif
| #include <valgrind/memcheck.h>
configure:12207: result: no
configure:12207: checking valgrind/memcheck.h presence
configure:12207: gcc -E  conftest.c
conftest.c:35:31: fatal error: valgrind/memcheck.h: No such file or directory
 #include <valgrind/memcheck.h>
                               ^
compilation terminated.
configure:12207: $? = 1
configure: failed program was:
| /* confdefs.h */
| #define PACKAGE_NAME "libibverbs"
| #define PACKAGE_TARNAME "libibverbs"
| #define PACKAGE_VERSION "1.2.1"
| #define PACKAGE_STRING "libibverbs 1.2.1"
| #define PACKAGE_BUGREPORT "linux-rdma@vger.kernel.org"
| #define PACKAGE_URL ""
| #define PACKAGE "libibverbs"
| #define VERSION "1.2.1"
| #define STDC_HEADERS 1
| #define HAVE_SYS_TYPES_H 1
| #define HAVE_SYS_STAT_H 1
| #define HAVE_STDLIB_H 1
| #define HAVE_STRING_H 1
| #define HAVE_MEMORY_H 1
| #define HAVE_STRINGS_H 1
| #define HAVE_INTTYPES_H 1
| #define HAVE_STDINT_H 1
| #define HAVE_UNISTD_H 1
| #define __EXTENSIONS__ 1
| #define _ALL_SOURCE 1
| #define _GNU_SOURCE 1
| #define _POSIX_PTHREAD_SEMANTICS 1
| #define _TANDEM_SOURCE 1
| #define HAVE_DLFCN_H 1
| #define LT_OBJDIR ".libs/"
| #define NVALGRIND 1
| #define HAVE_LIBNL1 1
| #define HAVE_LIBNL 1
| #define HAVE_LIBNL 1
| #define HAVE_LIBDL 1
| #define HAVE_LIBPTHREAD 1
| #define STDC_HEADERS 1
| /* end confdefs.h.  */
| #include <valgrind/memcheck.h>
configure:12207: result: no
configure:12207: checking for valgrind/memcheck.h
configure:12207: result: no
configure:12222: checking fcntl.h usability
configure:12222: gcc -c -g -O2  conftest.c >&5
configure:12222: $? = 0
configure:12222: result: yes
configure:12222: checking fcntl.h presence
configure:12222: gcc -E  conftest.c
configure:12222: $? = 0
configure:12222: result: yes
configure:12222: checking for fcntl.h
configure:12222: result: yes
configure:12222: checking sys/socket.h usability
configure:12222: gcc -c -g -O2  conftest.c >&5
configure:12222: $? = 0
configure:12222: result: yes
configure:12222: checking sys/socket.h presence
configure:12222: gcc -E  conftest.c
configure:12222: $? = 0
configure:12222: result: yes
configure:12222: checking for sys/socket.h
configure:12222: result: yes
configure:12233: checking for an ANSI C-conforming const
configure:12299: gcc -c -g -O2  conftest.c >&5
configure:12299: $? = 0
configure:12306: result: yes
configure:12314: checking whether O_CLOEXEC is declared
configure:12314: gcc -c -g -O2  conftest.c >&5
configure:12314: $? = 0
configure:12314: result: yes
configure:12337: checking whether SOCK_CLOEXEC is declared
configure:12337: gcc -c -g -O2  conftest.c >&5
configure:12337: $? = 0
configure:12337: result: yes
configure:12361: checking for close on exec modifier for fopen()
configure:12372: result: e
configure:12380: checking whether ld accepts --version-script
configure:12391: result: yes
configure:12401: checking for .symver assembler support
configure:12417: gcc -c -g -O2  conftest.c >&5
configure:12417: $? = 0
configure:12424: result: yes
configure:12543: checking that generated files are newer than configure
configure:12549: result: done
configure:12580: creating ./config.status

## ---------------------- ##
## Running config.status. ##
## ---------------------- ##

This file was extended by libibverbs config.status 1.2.1, which was
generated by GNU Autoconf 2.69.  Invocation command line was

  CONFIG_FILES    = 
  CONFIG_HEADERS  = 
  CONFIG_LINKS    = 
  CONFIG_COMMANDS = 
  $ ./config.status 

on msrbd22

config.status:1111: creating Makefile
config.status:1111: creating libibverbs.spec
config.status:1111: creating config.h
config.status:1340: executing depfiles commands
config.status:1340: executing libtool commands

## ---------------- ##
## Cache variables. ##
## ---------------- ##

ac_cv_asm_symver_support=yes
ac_cv_build=x86_64-unknown-linux-gnu
ac_cv_c_compiler_gnu=yes
ac_cv_c_const=yes
ac_cv_env_CC_set=
ac_cv_env_CC_value=
ac_cv_env_CFLAGS_set=
ac_cv_env_CFLAGS_value=
ac_cv_env_CPPFLAGS_set=
ac_cv_env_CPPFLAGS_value=
ac_cv_env_CPP_set=
ac_cv_env_CPP_value=
ac_cv_env_LDFLAGS_set=
ac_cv_env_LDFLAGS_value=
ac_cv_env_LIBNL_CFLAGS_set=
ac_cv_env_LIBNL_CFLAGS_value=
ac_cv_env_LIBNL_LIBS_set=
ac_cv_env_LIBNL_LIBS_value=
ac_cv_env_LIBNL_ROUTE3_CFLAGS_set=
ac_cv_env_LIBNL_ROUTE3_CFLAGS_value=
ac_cv_env_LIBNL_ROUTE3_LIBS_set=
ac_cv_env_LIBNL_ROUTE3_LIBS_value=
ac_cv_env_LIBS_set=
ac_cv_env_LIBS_value=
ac_cv_env_PKG_CONFIG_LIBDIR_set=
ac_cv_env_PKG_CONFIG_LIBDIR_value=
ac_cv_env_PKG_CONFIG_PATH_set=
ac_cv_env_PKG_CONFIG_PATH_value=
ac_cv_env_PKG_CONFIG_set=
ac_cv_env_PKG_CONFIG_value=
ac_cv_env_build_alias_set=
ac_cv_env_build_alias_value=
ac_cv_env_host_alias_set=
ac_cv_env_host_alias_value=
ac_cv_env_target_alias_set=
ac_cv_env_target_alias_value=
ac_cv_feature_stream_cloexec_flag=e
ac_cv_have_decl_O_CLOEXEC=yes
ac_cv_have_decl_SOCK_CLOEXEC=yes
ac_cv_header_dlfcn_h=yes
ac_cv_header_fcntl_h=yes
ac_cv_header_inttypes_h=yes
ac_cv_header_memory_h=yes
ac_cv_header_minix_config_h=no
ac_cv_header_stdc=yes
ac_cv_header_stdint_h=yes
ac_cv_header_stdlib_h=yes
ac_cv_header_string_h=yes
ac_cv_header_strings_h=yes
ac_cv_header_sys_socket_h=yes
ac_cv_header_sys_stat_h=yes
ac_cv_header_sys_types_h=yes
ac_cv_header_unistd_h=yes
ac_cv_header_valgrind_memcheck_h=no
ac_cv_host=x86_64-unknown-linux-gnu
ac_cv_lib_dl_dlsym=yes
ac_cv_lib_nl_rtnl_link_vlan_get_id=yes
ac_cv_lib_pthread_pthread_mutex_init=yes
ac_cv_objext=o
ac_cv_path_EGREP='/usr/bin/grep -E'
ac_cv_path_FGREP='/usr/bin/grep -F'
ac_cv_path_GREP=/usr/bin/grep
ac_cv_path_SED=/usr/bin/sed
ac_cv_path_ac_pt_PKG_CONFIG=/usr/bin/pkg-config
ac_cv_path_install='/usr/bin/install -c'
ac_cv_path_mkdir=/usr/bin/mkdir
ac_cv_prog_AWK=gawk
ac_cv_prog_CPP='gcc -E'
ac_cv_prog_ac_ct_AR=ar
ac_cv_prog_ac_ct_CC=gcc
ac_cv_prog_ac_ct_OBJDUMP=objdump
ac_cv_prog_ac_ct_RANLIB=ranlib
ac_cv_prog_ac_ct_STRIP=strip
ac_cv_prog_cc_c89=
ac_cv_prog_cc_g=yes
ac_cv_prog_make_make_set=yes
ac_cv_safe_to_define___extensions__=yes
ac_cv_version_script=yes
am_cv_CC_dependencies_compiler_type=gcc3
am_cv_make_support_nested_variables=yes
lt_cv_ar_at_file=@
lt_cv_archive_cmds_need_lc=no
lt_cv_deplibs_check_method=pass_all
lt_cv_file_magic_cmd='$MAGIC_CMD'
lt_cv_file_magic_test_file=
lt_cv_ld_reload_flag=-r
lt_cv_nm_interface='BSD nm'
lt_cv_objdir=.libs
lt_cv_path_LD=/usr/bin/ld
lt_cv_path_NM='/usr/bin/nm -B'
lt_cv_path_mainfest_tool=no
lt_cv_prog_compiler_c_o=yes
lt_cv_prog_compiler_pic='-fPIC -DPIC'
lt_cv_prog_compiler_pic_works=yes
lt_cv_prog_compiler_rtti_exceptions=no
lt_cv_prog_compiler_static_works=no
lt_cv_prog_gnu_ld=yes
lt_cv_sharedlib_from_linklib_cmd='printf %s\n'
lt_cv_shlibpath_overrides_runpath=no
lt_cv_sys_global_symbol_pipe='sed -n -e '\''s/^.*[	 ]\([ABCDGIRSTW][ABCDGIRSTW]*\)[	 ][	 ]*\([_A-Za-z][_A-Za-z0-9]*\)$/\1 \2 \2/p'\'' | sed '\''/ __gnu_lto/d'\'''
lt_cv_sys_global_symbol_to_c_name_address='sed -n -e '\''s/^: \([^ ]*\)[ ]*$/  {\"\1\", (void *) 0},/p'\'' -e '\''s/^[ABCDGIRSTW]* \([^ ]*\) \([^ ]*\)$/  {"\2", (void *) \&\2},/p'\'''
lt_cv_sys_global_symbol_to_c_name_address_lib_prefix='sed -n -e '\''s/^: \([^ ]*\)[ ]*$/  {\"\1\", (void *) 0},/p'\'' -e '\''s/^[ABCDGIRSTW]* \([^ ]*\) \(lib[^ ]*\)$/  {"\2", (void *) \&\2},/p'\'' -e '\''s/^[ABCDGIRSTW]* \([^ ]*\) \([^ ]*\)$/  {"lib\2", (void *) \&\2},/p'\'''
lt_cv_sys_global_symbol_to_cdecl='sed -n -e '\''s/^T .* \(.*\)$/extern int \1();/p'\'' -e '\''s/^[ABCDGIRSTW]* .* \(.*\)$/extern char \1;/p'\'''
lt_cv_sys_max_cmd_len=1572864
lt_cv_to_host_file_cmd=func_convert_file_noop
lt_cv_to_tool_file_cmd=func_convert_file_noop
pkg_cv_LIBNL_CFLAGS=' '
pkg_cv_LIBNL_LIBS='-lnl  '

## ----------------- ##
## Output variables. ##
## ----------------- ##

ACLOCAL='${SHELL} /container/container/libibverbs/config/missing aclocal-1.13'
AMDEPBACKSLASH='\'
AMDEP_FALSE='#'
AMDEP_TRUE=''
AMTAR='$${TAR-tar}'
AM_BACKSLASH='\'
AM_DEFAULT_V='$(AM_DEFAULT_VERBOSITY)'
AM_DEFAULT_VERBOSITY='0'
AM_V='$(V)'
AR='ar'
AUTOCONF='${SHELL} /container/container/libibverbs/config/missing autoconf'
AUTOHEADER='${SHELL} /container/container/libibverbs/config/missing autoheader'
AUTOMAKE='${SHELL} /container/container/libibverbs/config/missing automake-1.13'
AWK='gawk'
CC='gcc'
CCDEPMODE='depmode=gcc3'
CFLAGS='-g -O2'
CPP='gcc -E'
CPPFLAGS=''
CYGPATH_W='echo'
DEFS='-DHAVE_CONFIG_H'
DEPDIR='.deps'
DLLTOOL='false'
DSYMUTIL=''
DUMPBIN=''
ECHO_C=''
ECHO_N='-n'
ECHO_T=''
EGREP='/usr/bin/grep -E'
EXEEXT=''
FGREP='/usr/bin/grep -F'
GREP='/usr/bin/grep'
HAVE_LIBNL_FALSE='#'
HAVE_LIBNL_TRUE=''
INSTALL_DATA='${INSTALL} -m 644'
INSTALL_PROGRAM='${INSTALL}'
INSTALL_SCRIPT='${INSTALL}'
INSTALL_STRIP_PROGRAM='$(install_sh) -c -s'
LD='/usr/bin/ld -m elf_x86_64'
LDFLAGS=''
LIBIBVERBS_VERSION_SCRIPT='-Wl,--version-script=$(srcdir)/src/libibverbs.map'
LIBNL_CFLAGS=' '
LIBNL_LIBS='-lnl  '
LIBNL_ROUTE3_CFLAGS=''
LIBNL_ROUTE3_LIBS=''
LIBOBJS=''
LIBS='-lpthread -ldl -lnl '
LIBTOOL='$(SHELL) $(top_builddir)/libtool'
LIPO=''
LN_S='ln -s'
LTLIBOBJS=''
MAKEINFO='${SHELL} /container/container/libibverbs/config/missing makeinfo'
MANIFEST_TOOL=':'
MKDIR_P='/usr/bin/mkdir -p'
NM='/usr/bin/nm -B'
NMEDIT=''
NO_RESOLVE_NEIGH_FALSE=''
NO_RESOLVE_NEIGH_TRUE='#'
OBJDUMP='objdump'
OBJEXT='o'
OTOOL64=''
OTOOL=''
PACKAGE='libibverbs'
PACKAGE_BUGREPORT='linux-rdma@vger.kernel.org'
PACKAGE_NAME='libibverbs'
PACKAGE_STRING='libibverbs 1.2.1'
PACKAGE_TARNAME='libibverbs'
PACKAGE_URL=''
PACKAGE_VERSION='1.2.1'
PATH_SEPARATOR=':'
PKG_CONFIG='/usr/bin/pkg-config'
PKG_CONFIG_LIBDIR=''
PKG_CONFIG_PATH=''
RANLIB='ranlib'
SED='/usr/bin/sed'
SET_MAKE=''
SHELL='/bin/sh'
STRIP='strip'
VERSION='1.2.1'
ac_ct_AR='ar'
ac_ct_CC='gcc'
ac_ct_DUMPBIN=''
am__EXEEXT_FALSE=''
am__EXEEXT_TRUE='#'
am__fastdepCC_FALSE='#'
am__fastdepCC_TRUE=''
am__include='include'
am__isrc=''
am__leading_dot='.'
am__nodep='_no'
am__quote=''
am__tar='$${TAR-tar} chof - "$$tardir"'
am__untar='$${TAR-tar} xf -'
bindir='${exec_prefix}/bin'
build='x86_64-unknown-linux-gnu'
build_alias=''
build_cpu='x86_64'
build_os='linux-gnu'
build_vendor='unknown'
datadir='${datarootdir}'
datarootdir='${prefix}/share'
docdir='${datarootdir}/doc/${PACKAGE_TARNAME}'
dvidir='${docdir}'
exec_prefix='${prefix}'
host='x86_64-unknown-linux-gnu'
host_alias=''
host_cpu='x86_64'
host_os='linux-gnu'
host_vendor='unknown'
htmldir='${docdir}'
includedir='${prefix}/include'
infodir='${datarootdir}/info'
install_sh='${SHELL} /container/container/libibverbs/config/install-sh'
libdir='${exec_prefix}/lib'
libexecdir='${exec_prefix}/libexec'
localedir='${datarootdir}/locale'
localstatedir='${prefix}/var'
mandir='${datarootdir}/man'
mkdir_p='$(MKDIR_P)'
oldincludedir='/usr/include'
pdfdir='${docdir}'
prefix='/usr/local'
program_transform_name='s,x,x,'
psdir='${docdir}'
sbindir='${exec_prefix}/sbin'
sharedstatedir='${prefix}/com'
sysconfdir='${prefix}/etc'
target_alias=''

## ----------- ##
## confdefs.h. ##
## ----------- ##

/* confdefs.h */
#define PACKAGE_NAME "libibverbs"
#define PACKAGE_TARNAME "libibverbs"
#define PACKAGE_VERSION "1.2.1"
#define PACKAGE_STRING "libibverbs 1.2.1"
#define PACKAGE_BUGREPORT "linux-rdma@vger.kernel.org"
#define PACKAGE_URL ""
#define PACKAGE "libibverbs"
#define VERSION "1.2.1"
#define STDC_HEADERS 1
#define HAVE_SYS_TYPES_H 1
#define HAVE_SYS_STAT_H 1
#define HAVE_STDLIB_H 1
#define HAVE_STRING_H 1
#define HAVE_MEMORY_H 1
#define HAVE_STRINGS_H 1
#define HAVE_INTTYPES_H 1
#define HAVE_STDINT_H 1
#define HAVE_UNISTD_H 1
#define __EXTENSIONS__ 1
#define _ALL_SOURCE 1
#define _GNU_SOURCE 1
#define _POSIX_PTHREAD_SEMANTICS 1
#define _TANDEM_SOURCE 1
#define HAVE_DLFCN_H 1
#define LT_OBJDIR ".libs/"
#define NVALGRIND 1
#define HAVE_LIBNL1 1
#define HAVE_LIBNL 1
#define HAVE_LIBNL 1
#define HAVE_LIBDL 1
#define HAVE_LIBPTHREAD 1
#define STDC_HEADERS 1
#define HAVE_FCNTL_H 1
#define HAVE_SYS_SOCKET_H 1
#define HAVE_DECL_O_CLOEXEC 1
#define HAVE_DECL_SOCK_CLOEXEC 1
#define STREAM_CLOEXEC "e"
#define HAVE_SYMVER_SUPPORT 1

configure: exit 0
